This is pdfTeX, Version 3.1415926-1.40.10 (TeX Live 2009/Debian) (format=pdflatex 2012.8.22)  3 SEP 2012 17:02
entering extended mode
 %&-line parsing enabled.
**TechManual.tex
(./TechManual.tex
LaTeX2e <2009/09/24>
Babel <v3.8l> and hyphenation patterns for english, usenglishmax, dumylang, noh
yphenation, farsi, arabic, croatian, bulgarian, ukrainian, russian, czech, slov
ak, danish, dutch, finnish, french, basque, ngerman, german, german-x-2009-06-1
9, ngerman-x-2009-06-19, ibycus, monogreek, greek, ancientgreek, hungarian, san
skrit, italian, latin, latvian, lithuanian, mongolian2a, mongolian, bokmal, nyn
orsk, romanian, irish, coptic, serbian, turkish, welsh, esperanto, uppersorbian
, estonian, indonesian, interlingua, icelandic, kurmanji, slovenian, polish, po
rtuguese, spanish, galician, catalan, swedish, ukenglish, pinyin, loaded.
(/usr/share/texmf-texlive/tex/latex/base/book.cls
Document Class: book 2007/10/19 v1.4h Standard LaTeX document class
(/usr/share/texmf-texlive/tex/latex/base/bk11.clo
File: bk11.clo 2007/10/19 v1.4h Standard LaTeX file (size option)
)
\c@part=\count79
\c@chapter=\count80
\c@section=\count81
\c@subsection=\count82
\c@subsubsection=\count83
\c@paragraph=\count84
\c@subparagraph=\count85
\c@figure=\count86
\c@table=\count87
\abovecaptionskip=\skip41
\belowcaptionskip=\skip42
\bibindent=\dimen102
)
(/home/avery/texmf/tex/latex/pdfpages/pdfpages.sty
Package: pdfpages 2012/04/03 v0.4s Insert pages of external PDF documents (AM)

(/usr/share/texmf-texlive/tex/latex/base/ifthen.sty
Package: ifthen 2001/05/26 v1.1c Standard LaTeX ifthen package (DPC)
)
(/usr/share/texmf-texlive/tex/latex/tools/calc.sty
Package: calc 2007/08/22 v4.3 Infix arithmetic (KKT,FJ)
\calc@Acount=\count88
\calc@Bcount=\count89
\calc@Adimen=\dimen103
\calc@Bdimen=\dimen104
\calc@Askip=\skip43
\calc@Bskip=\skip44
LaTeX Info: Redefining \setlength on input line 76.
LaTeX Info: Redefining \addtolength on input line 77.
\calc@Ccount=\count90
\calc@Cskip=\skip45
)
(/usr/share/texmf-texlive/tex/latex/eso-pic/eso-pic.sty
Package: eso-pic 2006/07/14 v1.1d eso-pic (RN)

(/usr/share/texmf-texlive/tex/latex/ms/everyshi.sty
Package: everyshi 2001/05/15 v3.00 EveryShipout Package (MS)
)
(/usr/share/texmf-texlive/tex/latex/graphics/keyval.sty
Package: keyval 1999/03/16 v1.13 key=value parser (DPC)
\KV@toks@=\toks14
))
(/usr/share/texmf-texlive/tex/latex/graphics/graphicx.sty
Package: graphicx 1999/02/16 v1.0f Enhanced LaTeX Graphics (DPC,SPQR)

(/usr/share/texmf-texlive/tex/latex/graphics/graphics.sty
Package: graphics 2009/02/05 v1.0o Standard LaTeX Graphics (DPC,SPQR)

(/usr/share/texmf-texlive/tex/latex/graphics/trig.sty
Package: trig 1999/03/16 v1.09 sin cos tan (DPC)
)
(/etc/texmf/tex/latex/config/graphics.cfg
File: graphics.cfg 2009/08/28 v1.8 graphics configuration of TeX Live
)
Package graphics Info: Driver file: pdftex.def on input line 91.

(/usr/share/texmf-texlive/tex/latex/pdftex-def/pdftex.def
File: pdftex.def 2010/03/12 v0.04p Graphics/color for pdfTeX
\Gread@gobject=\count91
))
\Gin@req@height=\dimen105
\Gin@req@width=\dimen106
)
(/usr/share/texmf-texlive/tex/latex/pdfpages/pppdftex.def
File: pppdftex.def 2009/02/07 v0.4g Pdfpages driver for pdfTeX (AM)
)
\AM@pagebox=\box26
\AM@toc@title=\toks15
\c@AM@survey=\count92
\AM@templatesizebox=\box27
)
(/usr/share/texmf-texlive/tex/latex/base/inputenc.sty
Package: inputenc 2008/03/30 v1.1d Input encoding file
\inpenc@prehook=\toks16
\inpenc@posthook=\toks17

(/usr/share/texmf-texlive/tex/latex/base/latin1.def
File: latin1.def 2008/03/30 v1.1d Input encoding file
))
(/usr/share/texmf-texlive/tex/latex/amsmath/amsmath.sty
Package: amsmath 2000/07/18 v2.13 AMS math features
\@mathmargin=\skip46

For additional information on amsmath, use the `?' option.
(/usr/share/texmf-texlive/tex/latex/amsmath/amstext.sty
Package: amstext 2000/06/29 v2.01

(/usr/share/texmf-texlive/tex/latex/amsmath/amsgen.sty
File: amsgen.sty 1999/11/30 v2.0
\@emptytoks=\toks18
\ex@=\dimen107
))
(/usr/share/texmf-texlive/tex/latex/amsmath/amsbsy.sty
Package: amsbsy 1999/11/29 v1.2d
\pmbraise@=\dimen108
)
(/usr/share/texmf-texlive/tex/latex/amsmath/amsopn.sty
Package: amsopn 1999/12/14 v2.01 operator names
)
\inf@bad=\count93
LaTeX Info: Redefining \frac on input line 211.
\uproot@=\count94
\leftroot@=\count95
LaTeX Info: Redefining \overline on input line 307.
\classnum@=\count96
\DOTSCASE@=\count97
LaTeX Info: Redefining \ldots on input line 379.
LaTeX Info: Redefining \dots on input line 382.
LaTeX Info: Redefining \cdots on input line 467.
\Mathstrutbox@=\box28
\strutbox@=\box29
\big@size=\dimen109
LaTeX Font Info:    Redeclaring font encoding OML on input line 567.
LaTeX Font Info:    Redeclaring font encoding OMS on input line 568.
\macc@depth=\count98
\c@MaxMatrixCols=\count99
\dotsspace@=\muskip10
\c@parentequation=\count100
\dspbrk@lvl=\count101
\tag@help=\toks19
\row@=\count102
\column@=\count103
\maxfields@=\count104
\andhelp@=\toks20
\eqnshift@=\dimen110
\alignsep@=\dimen111
\tagshift@=\dimen112
\tagwidth@=\dimen113
\totwidth@=\dimen114
\lineht@=\dimen115
\@envbody=\toks21
\multlinegap=\skip47
\multlinetaggap=\skip48
\mathdisplay@stack=\toks22
LaTeX Info: Redefining \[ on input line 2666.
LaTeX Info: Redefining \] on input line 2667.
)
(/usr/share/texmf-texlive/tex/latex/amsfonts/amsfonts.sty
Package: amsfonts 2009/06/22 v3.00 Basic AMSFonts support
\symAMSa=\mathgroup4
\symAMSb=\mathgroup5
LaTeX Font Info:    Overwriting math alphabet `\mathfrak' in version `bold'
(Font)                  U/euf/m/n --> U/euf/b/n on input line 96.
)
(/usr/share/texmf-texlive/tex/latex/amsfonts/amssymb.sty
Package: amssymb 2009/06/22 v3.00
)
(/usr/share/texmf-texlive/tex/latex/base/makeidx.sty
Package: makeidx 2000/03/29 v1.0m Standard LaTeX package
)
(/usr/share/texmf-texlive/tex/latex/paralist/paralist.sty
Package: paralist 2002/03/18 v2.3b Extended list environments (BS)
\pltopsep=\skip49
\plpartopsep=\skip50
\plitemsep=\skip51
\plparsep=\skip52
\pl@lab=\toks23
)
\@indexfile=\write3
\openout3 = `TechManual.idx'.


Writing index file TechManual.idx
(./TechManual.aux

LaTeX Warning: Label `DMXloop' multiply defined.


LaTeX Warning: Label `DMXloop' multiply defined.


LaTeX Warning: Label `DMXloop' multiply defined.

)
\openout1 = `TechManual.aux'.

LaTeX Font Info:    Checking defaults for OML/cmm/m/it on input line 14.
LaTeX Font Info:    ... okay on input line 14.
LaTeX Font Info:    Checking defaults for T1/cmr/m/n on input line 14.
LaTeX Font Info:    ... okay on input line 14.
LaTeX Font Info:    Checking defaults for OT1/cmr/m/n on input line 14.
LaTeX Font Info:    ... okay on input line 14.
LaTeX Font Info:    Checking defaults for OMS/cmsy/m/n on input line 14.
LaTeX Font Info:    ... okay on input line 14.
LaTeX Font Info:    Checking defaults for OMX/cmex/m/n on input line 14.
LaTeX Font Info:    ... okay on input line 14.
LaTeX Font Info:    Checking defaults for U/cmr/m/n on input line 14.
LaTeX Font Info:    ... okay on input line 14.
 ABD: EveryShipout initializing macros
(/usr/share/texmf-texlive/tex/latex/graphics/color.sty
Package: color 2005/11/14 v1.0j Standard LaTeX Color (DPC)

(/etc/texmf/tex/latex/config/color.cfg
File: color.cfg 2007/01/18 v1.5 color configuration of teTeX/TeXLive
)
Package color Info: Driver file: pdftex.def on input line 130.
)
(/usr/share/texmf-texlive/tex/context/base/supp-pdf.mkii
[Loading MPS to PDF converter (version 2006.09.02).]
\scratchcounter=\count105
\scratchdimen=\dimen116
\scratchbox=\box30
\nofMPsegments=\count106
\nofMParguments=\count107
\everyMPshowfont=\toks24
\MPscratchCnt=\count108
\MPscratchDim=\dimen117
\MPnumerator=\count109
\everyMPtoPDFconversion=\toks25
)
LaTeX Font Info:    Try loading font information for U+msa on input line 15.
 (/usr/share/texmf-texlive/tex/latex/amsfonts/umsa.fd
File: umsa.fd 2009/06/22 v3.00 AMS symbols A
)
LaTeX Font Info:    Try loading font information for U+msb on input line 15.

(/usr/share/texmf-texlive/tex/latex/amsfonts/umsb.fd
File: umsb.fd 2009/06/22 v3.00 AMS symbols B
) [1


{/var/lib/texmf/fonts/map/pdftex/updmap/pdftex.map}] [2

] (./TechManual.toc [3] [4])
\tf@toc=\write4
\openout4 = `TechManual.toc'.

 [5]
Underfull \hbox (badness 10000) in paragraph at lines 29--30

 []

[6] [7

] [8

]
Chapter 1.

Underfull \vbox (badness 1308) has occurred while \output is active []

 [9]
[10]
Chapter 2.
[11

] [12

]
Chapter 3.
[13] [14

]
Chapter 4.
[15]
Underfull \vbox (badness 10000) has occurred while \output is active []

 [16]
Underfull \hbox (badness 10000) in paragraph at lines 115--124

 []


Underfull \hbox (badness 10000) in paragraph at lines 115--124

 []

[17] [18]
Chapter 5.
<../../Pictures/STAGEPAS500_07.jpg, id=67, 319.79475pt x 192.59955pt>
File: ../../Pictures/STAGEPAS500_07.jpg Graphic file (type jpg)

<use ../../Pictures/STAGEPAS500_07.jpg> [19

]
Overfull \hbox (6.87119pt too wide) has occurred while \output is active
\OT1/cmr/m/n/10.95 20 \OT1/cmr/m/sl/10.95 CHAPTER 5.  MID-SEPTEMBER: TERRY FOX 
RUN / HOUSE PICNIC
 []

[20 <../../Pictures/STAGEPAS500_07.jpg>]
Chapter 6.
[21

]
Overfull \hbox (5.57738pt too wide) has occurred while \output is active
\OT1/cmr/m/n/10.95 22 \OT1/cmr/m/sl/10.95 CHAPTER 6.  END OF OCTOBER: MANNING P
ARK JAZZ RETREAT
 []

[22] [23]
Overfull \hbox (5.57738pt too wide) has occurred while \output is active
\OT1/cmr/m/n/10.95 24 \OT1/cmr/m/sl/10.95 CHAPTER 6.  END OF OCTOBER: MANNING P
ARK JAZZ RETREAT
 []

[24

]
Chapter 7.
[25] [26

]
Chapter 8.


pdfTeX warning: pdflatex (file /home/avery/Downloads/Winter_Concert_invoice.pdf
): PDF inclusion: found PDF version <1.5>, but at most version <1.4> allowed


pdfTeX warning: pdflatex (file /home/avery/Downloads/Winter_Concert_invoice.pdf
): PDF inclusion: found PDF version <1.5>, but at most version <1.4> allowed
[27]

pdfTeX warning: pdflatex (file /home/avery/Downloads/Winter_Concert_invoice.pdf
): PDF inclusion: found PDF version <1.5>, but at most version <1.4> allowed

</home/avery/Downloads/Winter_Concert_invoice.pdf, id=102, page=1, 614.295pt x 
794.97pt>
File: /home/avery/Downloads/Winter_Concert_invoice.pdf Graphic file (type pdf)
 <use /home/avery/Downloads/Winter_Concert_invoice.pdf, page 1>
File: /home/avery/Downloads/Winter_Concert_invoice.pdf Graphic file (type pdf)

<use /home/avery/Downloads/Winter_Concert_invoice.pdf, page 1>
File: /home/avery/Downloads/Winter_Concert_invoice.pdf Graphic file (type pdf)

<use /home/avery/Downloads/Winter_Concert_invoice.pdf, page 1>
File: /home/avery/Downloads/Winter_Concert_invoice.pdf Graphic file (type pdf)

<use /home/avery/Downloads/Winter_Concert_invoice.pdf, page 1>
File: /home/avery/Downloads/Winter_Concert_invoice.pdf Graphic file (type pdf)

<use /home/avery/Downloads/Winter_Concert_invoice.pdf, page 1> [28 </home/avery
/Downloads/Winter_Concert_invoice.pdf>]
Overfull \hbox (31.65965pt too wide) has occurred while \output is active
\OT1/cmr/m/sl/10.95 8.3.  SETUP - SHEARS, LED BLASTERS AND HAZER: WINTER CONCER
T \OT1/cmr/m/n/10.95 29
 []

[29]
LaTeX Font Info:    Try loading font information for OMS+cmr on input line 209.

 (/usr/share/texmf-texlive/tex/latex/base/omscmr.fd
File: omscmr.fd 1999/05/25 v2.5h Standard LaTeX font definitions
)
LaTeX Font Info:    Font shape `OMS/cmr/m/n' in size <10.95> not available
(Font)              Font shape `OMS/cmsy/m/n' tried instead on input line 209.
 [30]
</home/avery/Pictures/DMXloop.png, id=125, 735.74875pt x 258.9675pt>
File: /home/avery/Pictures/DMXloop.png Graphic file (type png)

<use /home/avery/Pictures/DMXloop.png>
Overfull \hbox (7.87347pt too wide) in paragraph at lines 227--228
[][] 
 []


Underfull \hbox (badness 10000) in paragraph at lines 224--234

 []

[31 </home/avery/Pictures/DMXloop.png (PNG copy)>]
Underfull \hbox (badness 10000) in paragraph at lines 236--238

 []


Underfull \hbox (badness 10000) in paragraph at lines 241--242

 []

[32]
Underfull \hbox (badness 10000) in paragraph at lines 255--256

 []


Underfull \hbox (badness 10000) in paragraph at lines 255--256

 []

[33] [34]
Chapter 9.
[35

] [36]
Chapter 10.
[37

] [38

]
Chapter 11.
[39]
File: /home/avery/Pictures/DMXloop.png Graphic file (type png)
 <use /home/avery/Pictures/DMXloop.png>
Overfull \hbox (7.87347pt too wide) in paragraph at lines 330--331
[][] 
 []


Underfull \hbox (badness 10000) in paragraph at lines 327--337

 []

[40] [41] [42] [43] [44

]
Chapter 12.

Underfull \hbox (badness 10000) in paragraph at lines 395--396

 []

[45] [46] [47] [48]
Chapter 13.

</home/avery/Pictures/you'regonnahaveabadtime.jpg, id=184, 401.5pt x 392.46625p
t>
File: /home/avery/Pictures/you'regonnahaveabadtime.jpg Graphic file (type jpg)
 <use /home/avery/Pictures/you'regonnahaveabadtime.jpg> [49

 </home/avery/Pictures/you'regonnahaveabadtime.jpg>] [50]
Chapter 14.


pdfTeX warning: pdflatex (file /home/avery/Downloads/Winter_Concert_invoice.pdf
): PDF inclusion: found PDF version <1.5>, but at most version <1.4> allowed


pdfTeX warning: pdflatex (file /home/avery/Downloads/Winter_Concert_invoice.pdf
): PDF inclusion: found PDF version <1.5>, but at most version <1.4> allowed
[51

]
File: /home/avery/Downloads/Winter_Concert_invoice.pdf Graphic file (type pdf)
 <use /home/avery/Downloads/Winter_Concert_invoice.pdf, page 1>
File: /home/avery/Downloads/Winter_Concert_invoice.pdf Graphic file (type pdf)

<use /home/avery/Downloads/Winter_Concert_invoice.pdf, page 1>
File: /home/avery/Downloads/Winter_Concert_invoice.pdf Graphic file (type pdf)

<use /home/avery/Downloads/Winter_Concert_invoice.pdf, page 1>
File: /home/avery/Downloads/Winter_Concert_invoice.pdf Graphic file (type pdf)

<use /home/avery/Downloads/Winter_Concert_invoice.pdf, page 1>
File: /home/avery/Downloads/Winter_Concert_invoice.pdf Graphic file (type pdf)

<use /home/avery/Downloads/Winter_Concert_invoice.pdf, page 1> [52] [53]
[54] [55]
File: /home/avery/Pictures/DMXloop.png Graphic file (type png)
 <use /home/avery/Pictures/DMXloop.png>
Overfull \hbox (7.87347pt too wide) in paragraph at lines 529--530
[][] 
 []


Underfull \hbox (badness 10000) in paragraph at lines 526--536

 []


Underfull \hbox (badness 10000) in paragraph at lines 538--540

 []

[56]
Underfull \hbox (badness 10000) in paragraph at lines 543--544

 []

[57] [58

]
Chapter 15.


pdfTeX warning: pdflatex (file /home/avery/Downloads/Winter_Concert_invoice.pdf
): PDF inclusion: found PDF version <1.5>, but at most version <1.4> allowed


pdfTeX warning: pdflatex (file /home/avery/Downloads/Winter_Concert_invoice.pdf
): PDF inclusion: found PDF version <1.5>, but at most version <1.4> allowed
[59]
File: /home/avery/Downloads/Winter_Concert_invoice.pdf Graphic file (type pdf)
 <use /home/avery/Downloads/Winter_Concert_invoice.pdf, page 1>
File: /home/avery/Downloads/Winter_Concert_invoice.pdf Graphic file (type pdf)

<use /home/avery/Downloads/Winter_Concert_invoice.pdf, page 1>
File: /home/avery/Downloads/Winter_Concert_invoice.pdf Graphic file (type pdf)

<use /home/avery/Downloads/Winter_Concert_invoice.pdf, page 1>
File: /home/avery/Downloads/Winter_Concert_invoice.pdf Graphic file (type pdf)

<use /home/avery/Downloads/Winter_Concert_invoice.pdf, page 1>
File: /home/avery/Downloads/Winter_Concert_invoice.pdf Graphic file (type pdf)

<use /home/avery/Downloads/Winter_Concert_invoice.pdf, page 1> [60] [61]
Underfull \vbox (badness 3579) has occurred while \output is active []

 [62]
[63]
File: /home/avery/Pictures/DMXloop.png Graphic file (type png)
 <use /home/avery/Pictures/DMXloop.png>
Overfull \hbox (7.87347pt too wide) in paragraph at lines 622--623
[][] 
 []


Underfull \hbox (badness 10000) in paragraph at lines 619--629

 []

[64]
Underfull \hbox (badness 10000) in paragraph at lines 631--633

 []


Underfull \hbox (badness 10000) in paragraph at lines 636--637

 []

[65] [66] [67] [68

]
Chapter 16.
[69]
Underfull \vbox (badness 10000) has occurred while \output is active []

 [70]
Underfull \hbox (badness 10000) in paragraph at lines 691--700

 []


Underfull \hbox (badness 10000) in paragraph at lines 691--700

 []

[71] [72]
Chapter 17.
(./TechManual.ind [73

] [74


])
Appendix A.
[75


] (./TechManual.aux)

LaTeX Warning: There were multiply-defined labels.

 ) 
Here is how much of TeX's memory you used:
 2791 strings out of 493848
 36837 string characters out of 1152823
 96373 words of memory out of 3000000
 6016 multiletter control sequences out of 15000+50000
 14392 words of font info for 53 fonts, out of 3000000 for 9000
 714 hyphenation exceptions out of 8191
 32i,16n,36p,1882b,468s stack positions out of 5000i,500n,10000p,200000b,50000s
</usr/share/texmf-texlive/fonts/type1/public/amsfonts/cm/cmbx10.pfb></usr/sha
re/texmf-texlive/fonts/type1/public/amsfonts/cm/cmbx12.pfb></usr/share/texmf-te
xlive/fonts/type1/public/amsfonts/cm/cmbxti10.pfb></usr/share/texmf-texlive/fon
ts/type1/public/amsfonts/cm/cmcsc10.pfb></usr/share/texmf-texlive/fonts/type1/p
ublic/amsfonts/cm/cmr10.pfb></usr/share/texmf-texlive/fonts/type1/public/amsfon
ts/cm/cmr12.pfb></usr/share/texmf-texlive/fonts/type1/public/amsfonts/cm/cmr17.
pfb></usr/share/texmf-texlive/fonts/type1/public/amsfonts/cm/cmr8.pfb></usr/sha
re/texmf-texlive/fonts/type1/public/amsfonts/cm/cmsl10.pfb></usr/share/texmf-te
xlive/fonts/type1/public/amsfonts/cm/cmsy10.pfb></usr/share/texmf-texlive/fonts
/type1/public/amsfonts/cm/cmti10.pfb></usr/share/texmf-texlive/fonts/type1/publ
ic/amsfonts/cm/cmtt10.pfb>
Output written on TechManual.pdf (75 pages, 1891242 bytes).
PDF statistics:
 320 PDF objects out of 1000 (max. 8388607)
 0 named destinations out of 1000 (max. 500000)
 51 words of extra memory for PDF output out of 10000 (max. 10000000)

